2017-09-06 12:19:27,530 [main] INFO (AbstractApplicationContext.java:513) ­ Refreshing org.springframework.context.support.ClassPathXmlApplicationContext@464bee09: startup date [Wed Sep 06 12:19:27 ICT 2017]; root of context hierarchy
2017-09-06 12:19:27,577 [main] INFO (XmlBeanDefinitionReader.java:316) ­ Loading XML bean definitions from class path resource [clientContext.xml]
2017-09-06 12:19:28,094 [main] INFO (ClientLauncher.java:118) ­ Client Online
2017-09-06 12:19:41,460 [Thread-2] INFO (AbstractApplicationContext.java:873) ­ Closing org.springframework.context.support.ClassPathXmlApplicationContext@464bee09: startup date [Wed Sep 06 12:19:27 ICT 2017]; root of context hierarchy
2017-09-06 12:31:24,607 [main] INFO (AbstractApplicationContext.java:513) ­ Refreshing org.springframework.context.support.ClassPathXmlApplicationContext@464bee09: startup date [Wed Sep 06 12:31:24 ICT 2017]; root of context hierarchy
2017-09-06 12:31:24,654 [main] INFO (XmlBeanDefinitionReader.java:316) ­ Loading XML bean definitions from class path resource [clientContext.xml]
2017-09-06 12:31:25,998 [main] INFO (ClientLauncher.java:114) ­ Could not connect to HTTP invoker remote service at [http://localhost:9090/ConstantService]; nested exception is java.net.ConnectException: Connection refused: connect
2017-09-06 12:31:27,404 [Thread-2] INFO (AbstractApplicationContext.java:873) ­ Closing org.springframework.context.support.ClassPathXmlApplicationContext@464bee09: startup date [Wed Sep 06 12:31:24 ICT 2017]; root of context hierarchy
2017-09-06 12:31:54,356 [main] INFO (AbstractApplicationContext.java:513) ­ Refreshing org.springframework.context.support.ClassPathXmlApplicationContext@464bee09: startup date [Wed Sep 06 12:31:54 ICT 2017]; root of context hierarchy
2017-09-06 12:31:54,418 [main] INFO (XmlBeanDefinitionReader.java:316) ­ Loading XML bean definitions from class path resource [clientContext.xml]
2017-09-06 12:31:54,929 [main] INFO (ClientLauncher.java:118) ­ Client Online
2017-09-06 12:32:16,513 [Thread-2] INFO (AbstractApplicationContext.java:873) ­ Closing org.springframework.context.support.ClassPathXmlApplicationContext@464bee09: startup date [Wed Sep 06 12:31:54 ICT 2017]; root of context hierarchy
2017-09-06 12:33:04,946 [main] INFO (AbstractApplicationContext.java:513) ­ Refreshing org.springframework.context.support.ClassPathXmlApplicationContext@464bee09: startup date [Wed Sep 06 12:33:04 ICT 2017]; root of context hierarchy
2017-09-06 12:33:04,993 [main] INFO (XmlBeanDefinitionReader.java:316) ­ Loading XML bean definitions from class path resource [clientContext.xml]
2017-09-06 12:33:05,406 [main] INFO (ClientLauncher.java:118) ­ Client Online
2017-09-06 12:33:47,576 [main] INFO (AbstractApplicationContext.java:513) ­ Refreshing org.springframework.context.support.ClassPathXmlApplicationContext@464bee09: startup date [Wed Sep 06 12:33:47 ICT 2017]; root of context hierarchy
2017-09-06 12:33:47,623 [main] INFO (XmlBeanDefinitionReader.java:316) ­ Loading XML bean definitions from class path resource [clientContext.xml]
2017-09-06 12:33:48,038 [main] INFO (ClientLauncher.java:118) ­ Client Online
2017-09-06 12:34:30,239 [Thread-2] INFO (AbstractApplicationContext.java:873) ­ Closing org.springframework.context.support.ClassPathXmlApplicationContext@464bee09: startup date [Wed Sep 06 12:33:47 ICT 2017]; root of context hierarchy
2017-09-06 12:36:50,899 [main] INFO (AbstractApplicationContext.java:513) ­ Refreshing org.springframework.context.support.ClassPathXmlApplicationContext@464bee09: startup date [Wed Sep 06 12:36:50 ICT 2017]; root of context hierarchy
2017-09-06 12:36:50,961 [main] INFO (XmlBeanDefinitionReader.java:316) ­ Loading XML bean definitions from class path resource [clientContext.xml]
2017-09-06 12:36:51,377 [main] INFO (ClientLauncher.java:118) ­ Client Online
2017-09-06 12:37:05,540 [Thread-2] INFO (AbstractApplicationContext.java:873) ­ Closing org.springframework.context.support.ClassPathXmlApplicationContext@464bee09: startup date [Wed Sep 06 12:36:50 ICT 2017]; root of context hierarchy
2017-09-06 12:38:03,895 [main] INFO (AbstractApplicationContext.java:513) ­ Refreshing org.springframework.context.support.ClassPathXmlApplicationContext@464bee09: startup date [Wed Sep 06 12:38:03 ICT 2017]; root of context hierarchy
2017-09-06 12:38:03,942 [main] INFO (XmlBeanDefinitionReader.java:316) ­ Loading XML bean definitions from class path resource [clientContext.xml]
2017-09-06 12:38:04,338 [main] INFO (ClientLauncher.java:118) ­ Client Online
2017-09-06 12:38:27,234 [Thread-2] INFO (AbstractApplicationContext.java:873) ­ Closing org.springframework.context.support.ClassPathXmlApplicationContext@464bee09: startup date [Wed Sep 06 12:38:03 ICT 2017]; root of context hierarchy
2017-09-06 12:38:47,202 [main] INFO (AbstractApplicationContext.java:513) ­ Refreshing org.springframework.context.support.ClassPathXmlApplicationContext@464bee09: startup date [Wed Sep 06 12:38:47 ICT 2017]; root of context hierarchy
2017-09-06 12:38:47,249 [main] INFO (XmlBeanDefinitionReader.java:316) ­ Loading XML bean definitions from class path resource [clientContext.xml]
2017-09-06 12:38:47,663 [main] INFO (ClientLauncher.java:118) ­ Client Online
2017-09-06 12:39:32,380 [Thread-2] INFO (AbstractApplicationContext.java:873) ­ Closing org.springframework.context.support.ClassPathXmlApplicationContext@464bee09: startup date [Wed Sep 06 12:38:47 ICT 2017]; root of context hierarchy
2017-09-06 12:39:38,205 [main] INFO (AbstractApplicationContext.java:513) ­ Refreshing org.springframework.context.support.ClassPathXmlApplicationContext@464bee09: startup date [Wed Sep 06 12:39:38 ICT 2017]; root of context hierarchy
2017-09-06 12:39:38,267 [main] INFO (XmlBeanDefinitionReader.java:316) ­ Loading XML bean definitions from class path resource [clientContext.xml]
2017-09-06 12:39:38,671 [main] INFO (ClientLauncher.java:118) ­ Client Online
2017-09-06 12:47:03,093 [Thread-2] INFO (AbstractApplicationContext.java:873) ­ Closing org.springframework.context.support.ClassPathXmlApplicationContext@464bee09: startup date [Wed Sep 06 12:39:38 ICT 2017]; root of context hierarchy
2017-09-06 13:22:30,988 [main] INFO (AbstractApplicationContext.java:513) ­ Refreshing org.springframework.context.support.ClassPathXmlApplicationContext@464bee09: startup date [Wed Sep 06 13:22:30 ICT 2017]; root of context hierarchy
2017-09-06 13:22:31,051 [main] INFO (XmlBeanDefinitionReader.java:316) ­ Loading XML bean definitions from class path resource [clientContext.xml]
2017-09-06 13:22:31,590 [main] INFO (ClientLauncher.java:118) ­ Client Online
2017-09-06 13:22:58,048 [Thread-2] INFO (AbstractApplicationContext.java:873) ­ Closing org.springframework.context.support.ClassPathXmlApplicationContext@464bee09: startup date [Wed Sep 06 13:22:30 ICT 2017]; root of context hierarchy
2017-09-06 13:23:43,824 [main] INFO (AbstractApplicationContext.java:513) ­ Refreshing org.springframework.context.support.ClassPathXmlApplicationContext@464bee09: startup date [Wed Sep 06 13:23:43 ICT 2017]; root of context hierarchy
2017-09-06 13:23:43,902 [main] INFO (XmlBeanDefinitionReader.java:316) ­ Loading XML bean definitions from class path resource [clientContext.xml]
2017-09-06 13:23:44,299 [main] INFO (ClientLauncher.java:118) ­ Client Online
2017-09-06 13:24:29,362 [Thread-2] INFO (AbstractApplicationContext.java:873) ­ Closing org.springframework.context.support.ClassPathXmlApplicationContext@464bee09: startup date [Wed Sep 06 13:23:43 ICT 2017]; root of context hierarchy
2017-09-06 13:25:23,166 [main] INFO (AbstractApplicationContext.java:513) ­ Refreshing org.springframework.context.support.ClassPathXmlApplicationContext@464bee09: startup date [Wed Sep 06 13:25:23 ICT 2017]; root of context hierarchy
2017-09-06 13:25:23,229 [main] INFO (XmlBeanDefinitionReader.java:316) ­ Loading XML bean definitions from class path resource [clientContext.xml]
2017-09-06 13:25:23,652 [main] INFO (ClientLauncher.java:118) ­ Client Online
2017-09-06 13:25:48,542 [Thread-2] INFO (AbstractApplicationContext.java:873) ­ Closing org.springframework.context.support.ClassPathXmlApplicationContext@464bee09: startup date [Wed Sep 06 13:25:23 ICT 2017]; root of context hierarchy
2017-09-06 13:26:02,178 [main] INFO (AbstractApplicationContext.java:513) ­ Refreshing org.springframework.context.support.ClassPathXmlApplicationContext@464bee09: startup date [Wed Sep 06 13:26:02 ICT 2017]; root of context hierarchy
2017-09-06 13:26:02,257 [main] INFO (XmlBeanDefinitionReader.java:316) ­ Loading XML bean definitions from class path resource [clientContext.xml]
2017-09-06 13:26:02,659 [main] INFO (ClientLauncher.java:118) ­ Client Online
2017-09-06 13:26:39,893 [Thread-2] INFO (AbstractApplicationContext.java:873) ­ Closing org.springframework.context.support.ClassPathXmlApplicationContext@464bee09: startup date [Wed Sep 06 13:26:02 ICT 2017]; root of context hierarchy
2017-09-06 13:30:27,006 [main] INFO (AbstractApplicationContext.java:513) ­ Refreshing org.springframework.context.support.ClassPathXmlApplicationContext@464bee09: startup date [Wed Sep 06 13:30:27 ICT 2017]; root of context hierarchy
2017-09-06 13:30:27,053 [main] INFO (XmlBeanDefinitionReader.java:316) ­ Loading XML bean definitions from class path resource [clientContext.xml]
2017-09-06 13:30:27,467 [main] INFO (ClientLauncher.java:118) ­ Client Online
2017-09-06 13:31:23,788 [Thread-2] INFO (AbstractApplicationContext.java:873) ­ Closing org.springframework.context.support.ClassPathXmlApplicationContext@464bee09: startup date [Wed Sep 06 13:30:27 ICT 2017]; root of context hierarchy
2017-09-06 13:54:51,565 [main] INFO (AbstractApplicationContext.java:513) ­ Refreshing org.springframework.context.support.ClassPathXmlApplicationContext@464bee09: startup date [Wed Sep 06 13:54:51 ICT 2017]; root of context hierarchy
2017-09-06 13:54:51,628 [main] INFO (XmlBeanDefinitionReader.java:316) ­ Loading XML bean definitions from class path resource [clientContext.xml]
2017-09-06 13:54:52,019 [main] INFO (ClientLauncher.java:118) ­ Client Online
2017-09-06 13:55:20,923 [Thread-2] INFO (AbstractApplicationContext.java:873) ­ Closing org.springframework.context.support.ClassPathXmlApplicationContext@464bee09: startup date [Wed Sep 06 13:54:51 ICT 2017]; root of context hierarchy
2017-09-06 13:57:07,512 [main] INFO (AbstractApplicationContext.java:513) ­ Refreshing org.springframework.context.support.ClassPathXmlApplicationContext@464bee09: startup date [Wed Sep 06 13:57:07 ICT 2017]; root of context hierarchy
2017-09-06 13:57:07,574 [main] INFO (XmlBeanDefinitionReader.java:316) ­ Loading XML bean definitions from class path resource [clientContext.xml]
2017-09-06 13:57:07,996 [main] INFO (ClientLauncher.java:118) ­ Client Online
2017-09-06 13:57:41,539 [Thread-2] INFO (AbstractApplicationContext.java:873) ­ Closing org.springframework.context.support.ClassPathXmlApplicationContext@464bee09: startup date [Wed Sep 06 13:57:07 ICT 2017]; root of context hierarchy
2017-09-06 13:58:14,897 [main] INFO (AbstractApplicationContext.java:513) ­ Refreshing org.springframework.context.support.ClassPathXmlApplicationContext@464bee09: startup date [Wed Sep 06 13:58:14 ICT 2017]; root of context hierarchy
2017-09-06 13:58:14,959 [main] INFO (XmlBeanDefinitionReader.java:316) ­ Loading XML bean definitions from class path resource [clientContext.xml]
2017-09-06 13:58:15,380 [main] INFO (ClientLauncher.java:118) ­ Client Online
2017-09-06 13:58:56,834 [Thread-2] INFO (AbstractApplicationContext.java:873) ­ Closing org.springframework.context.support.ClassPathXmlApplicationContext@464bee09: startup date [Wed Sep 06 13:58:14 ICT 2017]; root of context hierarchy
2017-09-06 14:06:09,755 [main] INFO (AbstractApplicationContext.java:513) ­ Refreshing org.springframework.context.support.ClassPathXmlApplicationContext@464bee09: startup date [Wed Sep 06 14:06:09 ICT 2017]; root of context hierarchy
2017-09-06 14:06:09,802 [main] INFO (XmlBeanDefinitionReader.java:316) ­ Loading XML bean definitions from class path resource [clientContext.xml]
2017-09-06 14:06:10,212 [main] INFO (ClientLauncher.java:118) ­ Client Online
2017-09-06 14:06:48,200 [Thread-2] INFO (AbstractApplicationContext.java:873) ­ Closing org.springframework.context.support.ClassPathXmlApplicationContext@464bee09: startup date [Wed Sep 06 14:06:09 ICT 2017]; root of context hierarchy
2017-09-06 14:07:30,110 [main] INFO (AbstractApplicationContext.java:513) ­ Refreshing org.springframework.context.support.ClassPathXmlApplicationContext@464bee09: startup date [Wed Sep 06 14:07:30 ICT 2017]; root of context hierarchy
2017-09-06 14:07:30,172 [main] INFO (XmlBeanDefinitionReader.java:316) ­ Loading XML bean definitions from class path resource [clientContext.xml]
2017-09-06 14:07:30,597 [main] INFO (ClientLauncher.java:118) ­ Client Online
2017-09-06 14:08:55,696 [Thread-2] INFO (AbstractApplicationContext.java:873) ­ Closing org.springframework.context.support.ClassPathXmlApplicationContext@464bee09: startup date [Wed Sep 06 14:07:30 ICT 2017]; root of context hierarchy
2017-09-06 14:11:18,707 [main] INFO (AbstractApplicationContext.java:513) ­ Refreshing org.springframework.context.support.ClassPathXmlApplicationContext@464bee09: startup date [Wed Sep 06 14:11:18 ICT 2017]; root of context hierarchy
2017-09-06 14:11:18,753 [main] INFO (XmlBeanDefinitionReader.java:316) ­ Loading XML bean definitions from class path resource [clientContext.xml]
2017-09-06 14:11:19,172 [main] INFO (ClientLauncher.java:118) ­ Client Online
2017-09-06 14:12:11,600 [Thread-2] INFO (AbstractApplicationContext.java:873) ­ Closing org.springframework.context.support.ClassPathXmlApplicationContext@464bee09: startup date [Wed Sep 06 14:11:18 ICT 2017]; root of context hierarchy
2017-09-06 14:14:47,797 [main] INFO (AbstractApplicationContext.java:513) ­ Refreshing org.springframework.context.support.ClassPathXmlApplicationContext@464bee09: startup date [Wed Sep 06 14:14:47 ICT 2017]; root of context hierarchy
2017-09-06 14:14:47,844 [main] INFO (XmlBeanDefinitionReader.java:316) ­ Loading XML bean definitions from class path resource [clientContext.xml]
2017-09-06 14:14:48,237 [main] INFO (ClientLauncher.java:118) ­ Client Online
2017-09-06 14:15:10,823 [Thread-2] INFO (AbstractApplicationContext.java:873) ­ Closing org.springframework.context.support.ClassPathXmlApplicationContext@464bee09: startup date [Wed Sep 06 14:14:47 ICT 2017]; root of context hierarchy
2017-09-06 14:15:35,415 [main] INFO (AbstractApplicationContext.java:513) ­ Refreshing org.springframework.context.support.ClassPathXmlApplicationContext@464bee09: startup date [Wed Sep 06 14:15:35 ICT 2017]; root of context hierarchy
2017-09-06 14:15:35,477 [main] INFO (XmlBeanDefinitionReader.java:316) ­ Loading XML bean definitions from class path resource [clientContext.xml]
2017-09-06 14:15:35,874 [main] INFO (ClientLauncher.java:118) ­ Client Online
2017-09-06 14:15:56,037 [Thread-2] INFO (AbstractApplicationContext.java:873) ­ Closing org.springframework.context.support.ClassPathXmlApplicationContext@464bee09: startup date [Wed Sep 06 14:15:35 ICT 2017]; root of context hierarchy
2017-09-06 14:55:39,235 [main] INFO (AbstractApplicationContext.java:513) ­ Refreshing org.springframework.context.support.ClassPathXmlApplicationContext@464bee09: startup date [Wed Sep 06 14:55:39 ICT 2017]; root of context hierarchy
2017-09-06 14:55:39,297 [main] INFO (XmlBeanDefinitionReader.java:316) ­ Loading XML bean definitions from class path resource [clientContext.xml]
2017-09-06 14:55:39,772 [main] INFO (ClientLauncher.java:118) ­ Client Online
2017-09-06 14:56:30,050 [Thread-2] INFO (AbstractApplicationContext.java:873) ­ Closing org.springframework.context.support.ClassPathXmlApplicationContext@464bee09: startup date [Wed Sep 06 14:55:39 ICT 2017]; root of context hierarchy
2017-09-06 14:57:05,189 [main] INFO (AbstractApplicationContext.java:513) ­ Refreshing org.springframework.context.support.ClassPathXmlApplicationContext@464bee09: startup date [Wed Sep 06 14:57:05 ICT 2017]; root of context hierarchy
2017-09-06 14:57:05,252 [main] INFO (XmlBeanDefinitionReader.java:316) ­ Loading XML bean definitions from class path resource [clientContext.xml]
2017-09-06 14:57:05,671 [main] INFO (ClientLauncher.java:118) ­ Client Online
2017-09-06 14:57:23,714 [Thread-2] INFO (AbstractApplicationContext.java:873) ­ Closing org.springframework.context.support.ClassPathXmlApplicationContext@464bee09: startup date [Wed Sep 06 14:57:05 ICT 2017]; root of context hierarchy
2017-09-06 14:58:07,631 [main] INFO (AbstractApplicationContext.java:513) ­ Refreshing org.springframework.context.support.ClassPathXmlApplicationContext@464bee09: startup date [Wed Sep 06 14:58:07 ICT 2017]; root of context hierarchy
2017-09-06 14:58:07,678 [main] INFO (XmlBeanDefinitionReader.java:316) ­ Loading XML bean definitions from class path resource [clientContext.xml]
2017-09-06 14:58:08,132 [main] INFO (ClientLauncher.java:118) ­ Client Online
2017-09-06 14:59:49,021 [Thread-2] INFO (AbstractApplicationContext.java:873) ­ Closing org.springframework.context.support.ClassPathXmlApplicationContext@464bee09: startup date [Wed Sep 06 14:58:07 ICT 2017]; root of context hierarchy
2017-09-06 15:04:50,661 [main] INFO (AbstractApplicationContext.java:513) ­ Refreshing org.springframework.context.support.ClassPathXmlApplicationContext@464bee09: startup date [Wed Sep 06 15:04:50 ICT 2017]; root of context hierarchy
2017-09-06 15:04:50,723 [main] INFO (XmlBeanDefinitionReader.java:316) ­ Loading XML bean definitions from class path resource [clientContext.xml]
2017-09-06 15:04:51,155 [main] INFO (ClientLauncher.java:118) ­ Client Online
2017-09-06 15:05:43,092 [Thread-2] INFO (AbstractApplicationContext.java:873) ­ Closing org.springframework.context.support.ClassPathXmlApplicationContext@464bee09: startup date [Wed Sep 06 15:04:50 ICT 2017]; root of context hierarchy
2017-09-06 15:06:11,522 [main] INFO (AbstractApplicationContext.java:513) ­ Refreshing org.springframework.context.support.ClassPathXmlApplicationContext@464bee09: startup date [Wed Sep 06 15:06:11 ICT 2017]; root of context hierarchy
2017-09-06 15:06:11,600 [main] INFO (XmlBeanDefinitionReader.java:316) ­ Loading XML bean definitions from class path resource [clientContext.xml]
2017-09-06 15:06:12,015 [main] INFO (ClientLauncher.java:118) ­ Client Online
2017-09-06 15:06:40,151 [Thread-2] INFO (AbstractApplicationContext.java:873) ­ Closing org.springframework.context.support.ClassPathXmlApplicationContext@464bee09: startup date [Wed Sep 06 15:06:11 ICT 2017]; root of context hierarchy
2017-09-06 15:07:07,482 [main] INFO (AbstractApplicationContext.java:513) ­ Refreshing org.springframework.context.support.ClassPathXmlApplicationContext@464bee09: startup date [Wed Sep 06 15:07:07 ICT 2017]; root of context hierarchy
2017-09-06 15:07:07,544 [main] INFO (XmlBeanDefinitionReader.java:316) ­ Loading XML bean definitions from class path resource [clientContext.xml]
2017-09-06 15:07:07,948 [main] INFO (ClientLauncher.java:118) ­ Client Online
2017-09-06 15:07:52,402 [Thread-2] INFO (AbstractApplicationContext.java:873) ­ Closing org.springframework.context.support.ClassPathXmlApplicationContext@464bee09: startup date [Wed Sep 06 15:07:07 ICT 2017]; root of context hierarchy
2017-09-06 15:08:43,571 [main] INFO (AbstractApplicationContext.java:513) ­ Refreshing org.springframework.context.support.ClassPathXmlApplicationContext@464bee09: startup date [Wed Sep 06 15:08:43 ICT 2017]; root of context hierarchy
2017-09-06 15:08:43,618 [main] INFO (XmlBeanDefinitionReader.java:316) ­ Loading XML bean definitions from class path resource [clientContext.xml]
2017-09-06 15:08:44,030 [main] INFO (ClientLauncher.java:118) ­ Client Online
2017-09-06 15:09:22,417 [Thread-2] INFO (AbstractApplicationContext.java:873) ­ Closing org.springframework.context.support.ClassPathXmlApplicationContext@464bee09: startup date [Wed Sep 06 15:08:43 ICT 2017]; root of context hierarchy
2017-09-06 15:09:40,452 [main] INFO (AbstractApplicationContext.java:513) ­ Refreshing org.springframework.context.support.ClassPathXmlApplicationContext@464bee09: startup date [Wed Sep 06 15:09:40 ICT 2017]; root of context hierarchy
2017-09-06 15:09:40,515 [main] INFO (XmlBeanDefinitionReader.java:316) ­ Loading XML bean definitions from class path resource [clientContext.xml]
2017-09-06 15:09:40,943 [main] INFO (ClientLauncher.java:118) ­ Client Online
2017-09-06 15:10:09,768 [Thread-2] INFO (AbstractApplicationContext.java:873) ­ Closing org.springframework.context.support.ClassPathXmlApplicationContext@464bee09: startup date [Wed Sep 06 15:09:40 ICT 2017]; root of context hierarchy
2017-09-06 15:11:52,667 [main] INFO (AbstractApplicationContext.java:513) ­ Refreshing org.springframework.context.support.ClassPathXmlApplicationContext@464bee09: startup date [Wed Sep 06 15:11:52 ICT 2017]; root of context hierarchy
2017-09-06 15:11:52,730 [main] INFO (XmlBeanDefinitionReader.java:316) ­ Loading XML bean definitions from class path resource [clientContext.xml]
2017-09-06 15:11:53,164 [main] INFO (ClientLauncher.java:118) ­ Client Online
2017-09-06 15:12:30,729 [Thread-2] INFO (AbstractApplicationContext.java:873) ­ Closing org.springframework.context.support.ClassPathXmlApplicationContext@464bee09: startup date [Wed Sep 06 15:11:52 ICT 2017]; root of context hierarchy
