2017-09-06 12:19:17,715 [main] INFO (AbstractApplicationContext.java:513) ­ Refreshing org.springframework.context.support.ClassPathXmlApplicationContext@3c679bde: startup date [Wed Sep 06 12:19:17 ICT 2017]; root of context hierarchy
2017-09-06 12:19:17,824 [main] INFO (XmlBeanDefinitionReader.java:316) ­ Loading XML bean definitions from class path resource [applicationContext.xml]
2017-09-06 12:19:18,543 [main] INFO (XmlBeanDefinitionReader.java:316) ­ Loading XML bean definitions from class path resource [serverContext.xml]
2017-09-06 12:19:18,824 [main] INFO (PropertiesLoaderSupport.java:172) ­ Loading properties file from class path resource [jdbc.properties]
2017-09-06 12:19:18,980 [main] INFO (DriverManagerDataSource.java:133) ­ Loaded JDBC driver: org.h2.Driver
2017-09-06 12:19:19,168 [main] INFO (JavaReflectionManager.java:66) ­ HCANN000001: Hibernate Commons Annotations {4.0.4.Final}
2017-09-06 12:19:19,184 [main] INFO (Version.java:54) ­ HHH000412: Hibernate Core {4.3.1.Final}
2017-09-06 12:19:19,199 [main] INFO (Environment.java:239) ­ HHH000206: hibernate.properties not found
2017-09-06 12:19:19,199 [main] INFO (Environment.java:346) ­ HHH000021: Bytecode provider name : javassist
2017-09-06 12:19:19,246 [main] INFO (Configuration.java:2109) ­ HHH000044: Configuring from URL: jar:file:/C:/Users/Girsang/Desktop/Client-Server/Girsang%20Toko%20Api/dist/Girsang_Toko_Api.jar!/hibernate.cfg.xml
2017-09-06 12:19:19,293 [main] WARN (DTDEntityResolver.java:75) ­ HHH000223: Recognized obsolete hibernate namespace http://hibernate.sourceforge.net/. Use namespace http://www.hibernate.org/dtd/ instead. Refer to Hibernate 3.6 Migration Guide!
2017-09-06 12:19:19,355 [main] INFO (Configuration.java:2214) ­ HHH000041: Configured SessionFactory: null
2017-09-06 12:19:19,933 [main] INFO (Dialect.java:145) ­ HHH000400: Using dialect: org.hibernate.dialect.H2Dialect
2017-09-06 12:19:20,480 [main] INFO (TransactionFactoryInitiator.java:62) ­ HHH000399: Using default transaction strategy (direct JDBC transactions)
2017-09-06 12:19:20,495 [main] INFO (ASTQueryTranslatorFactory.java:47) ­ HHH000397: Using ASTQueryTranslatorFactory
2017-09-06 12:19:21,261 [main] INFO (HibernateTransactionManager.java:341) ­ Using DataSource [org.springframework.jdbc.datasource.DriverManagerDataSource@2fa3be26] of Hibernate SessionFactory for HibernateTransactionManager
2017-09-06 12:19:21,355 [main] INFO (SimpleHttpServerFactoryBean.java:166) ­ Starting HttpServer at address 0.0.0.0/0.0.0.0:9090
2017-09-06 12:19:21,355 [main] INFO (ServerLauncher.java:26) ­ SERVER ONLINE
2017-09-06 12:19:28,062 [Thread-3] INFO (ConstantServiceImpl.java:62) ­ GIRSANG-DESKTOP ONLINE
2017-09-06 12:19:33,144 [Thread-3] INFO (ConstantServiceImpl.java:68) ­ ANDRI SAIFUL GIRSANG LOGIN
2017-09-06 12:19:41,397 [Thread-3] INFO (ConstantServiceImpl.java:74) ­ ANDRI SAIFUL GIRSANG LOGOUT
2017-09-06 12:31:39,384 [main] INFO (AbstractApplicationContext.java:513) ­ Refreshing org.springframework.context.support.ClassPathXmlApplicationContext@3c679bde: startup date [Wed Sep 06 12:31:39 ICT 2017]; root of context hierarchy
2017-09-06 12:31:39,431 [main] INFO (XmlBeanDefinitionReader.java:316) ­ Loading XML bean definitions from class path resource [applicationContext.xml]
2017-09-06 12:31:39,806 [main] INFO (XmlBeanDefinitionReader.java:316) ­ Loading XML bean definitions from class path resource [serverContext.xml]
2017-09-06 12:31:40,009 [main] INFO (PropertiesLoaderSupport.java:172) ­ Loading properties file from class path resource [jdbc.properties]
2017-09-06 12:31:40,181 [main] INFO (DriverManagerDataSource.java:133) ­ Loaded JDBC driver: org.h2.Driver
2017-09-06 12:31:40,322 [main] INFO (JavaReflectionManager.java:66) ­ HCANN000001: Hibernate Commons Annotations {4.0.4.Final}
2017-09-06 12:31:40,337 [main] INFO (Version.java:54) ­ HHH000412: Hibernate Core {4.3.1.Final}
2017-09-06 12:31:40,337 [main] INFO (Environment.java:239) ­ HHH000206: hibernate.properties not found
2017-09-06 12:31:40,337 [main] INFO (Environment.java:346) ­ HHH000021: Bytecode provider name : javassist
2017-09-06 12:31:40,369 [main] INFO (Configuration.java:2109) ­ HHH000044: Configuring from URL: jar:file:/C:/Users/Girsang/Desktop/Client-Server/Girsang%20Toko%20Api/dist/Girsang_Toko_Api.jar!/hibernate.cfg.xml
2017-09-06 12:31:40,400 [main] WARN (DTDEntityResolver.java:75) ­ HHH000223: Recognized obsolete hibernate namespace http://hibernate.sourceforge.net/. Use namespace http://www.hibernate.org/dtd/ instead. Refer to Hibernate 3.6 Migration Guide!
2017-09-06 12:31:40,463 [main] INFO (Configuration.java:2214) ­ HHH000041: Configured SessionFactory: null
2017-09-06 12:31:40,989 [main] INFO (Dialect.java:145) ­ HHH000400: Using dialect: org.hibernate.dialect.H2Dialect
2017-09-06 12:31:41,348 [main] INFO (TransactionFactoryInitiator.java:62) ­ HHH000399: Using default transaction strategy (direct JDBC transactions)
2017-09-06 12:31:41,348 [main] INFO (ASTQueryTranslatorFactory.java:47) ­ HHH000397: Using ASTQueryTranslatorFactory
2017-09-06 12:31:42,130 [main] INFO (HibernateTransactionManager.java:341) ­ Using DataSource [org.springframework.jdbc.datasource.DriverManagerDataSource@2fa3be26] of Hibernate SessionFactory for HibernateTransactionManager
2017-09-06 12:31:42,239 [main] INFO (SimpleHttpServerFactoryBean.java:166) ­ Starting HttpServer at address 0.0.0.0/0.0.0.0:9090
2017-09-06 12:31:42,239 [main] INFO (ServerLauncher.java:26) ­ SERVER ONLINE
2017-09-06 12:31:54,897 [Thread-3] INFO (ConstantServiceImpl.java:62) ­ GIRSANG-DESKTOP ONLINE
2017-09-06 12:31:58,995 [Thread-3] INFO (ConstantServiceImpl.java:68) ­ ANDRI SAIFUL GIRSANG LOGIN
2017-09-06 12:32:16,481 [Thread-3] INFO (ConstantServiceImpl.java:74) ­ ANDRI SAIFUL GIRSANG LOGOUT
2017-09-06 12:33:05,375 [Thread-3] INFO (ConstantServiceImpl.java:62) ­ GIRSANG-DESKTOP ONLINE
2017-09-06 12:33:48,006 [Thread-3] INFO (ConstantServiceImpl.java:62) ­ GIRSANG-DESKTOP ONLINE
2017-09-06 12:33:51,019 [Thread-3] INFO (ConstantServiceImpl.java:68) ­ ANDRI SAIFUL GIRSANG LOGIN
2017-09-06 12:34:30,207 [Thread-3] INFO (ConstantServiceImpl.java:74) ­ ANDRI SAIFUL GIRSANG LOGOUT
2017-09-06 12:36:51,361 [Thread-3] INFO (ConstantServiceImpl.java:62) ­ GIRSANG-DESKTOP ONLINE
2017-09-06 12:36:55,040 [Thread-3] INFO (ConstantServiceImpl.java:68) ­ ANDRI SAIFUL GIRSANG LOGIN
2017-09-06 12:37:05,525 [Thread-3] INFO (ConstantServiceImpl.java:74) ­ ANDRI SAIFUL GIRSANG LOGOUT
2017-09-06 12:38:04,322 [Thread-3] INFO (ConstantServiceImpl.java:62) ­ GIRSANG-DESKTOP ONLINE
2017-09-06 12:38:07,844 [Thread-3] INFO (ConstantServiceImpl.java:68) ­ ANDRI SAIFUL GIRSANG LOGIN
2017-09-06 12:38:27,171 [Thread-3] INFO (ConstantServiceImpl.java:74) ­ ANDRI SAIFUL GIRSANG LOGOUT
2017-09-06 12:38:47,632 [Thread-3] INFO (ConstantServiceImpl.java:62) ­ GIRSANG-DESKTOP ONLINE
2017-09-06 12:38:50,989 [Thread-3] INFO (ConstantServiceImpl.java:68) ­ ANDRI SAIFUL GIRSANG LOGIN
2017-09-06 12:39:32,333 [Thread-3] INFO (ConstantServiceImpl.java:74) ­ ANDRI SAIFUL GIRSANG LOGOUT
2017-09-06 12:39:38,640 [Thread-3] INFO (ConstantServiceImpl.java:62) ­ GIRSANG-DESKTOP ONLINE
2017-09-06 12:39:42,677 [Thread-3] INFO (ConstantServiceImpl.java:68) ­ ANDRI SAIFUL GIRSANG LOGIN
2017-09-06 12:47:03,077 [Thread-3] INFO (ConstantServiceImpl.java:74) ­ ANDRI SAIFUL GIRSANG LOGOUT
2017-09-06 13:22:31,559 [Thread-3] INFO (ConstantServiceImpl.java:62) ­ GIRSANG-DESKTOP ONLINE
2017-09-06 13:22:35,951 [Thread-3] INFO (ConstantServiceImpl.java:68) ­ ANDRI SAIFUL GIRSANG LOGIN
2017-09-06 13:22:58,032 [Thread-3] INFO (ConstantServiceImpl.java:74) ­ ANDRI SAIFUL GIRSANG LOGOUT
2017-09-06 13:23:44,284 [Thread-3] INFO (ConstantServiceImpl.java:62) ­ GIRSANG-DESKTOP ONLINE
2017-09-06 13:23:47,638 [Thread-3] INFO (ConstantServiceImpl.java:68) ­ ANDRI SAIFUL GIRSANG LOGIN
2017-09-06 13:24:29,346 [Thread-3] INFO (ConstantServiceImpl.java:74) ­ ANDRI SAIFUL GIRSANG LOGOUT
2017-09-06 13:25:23,636 [Thread-3] INFO (ConstantServiceImpl.java:62) ­ GIRSANG-DESKTOP ONLINE
2017-09-06 13:25:26,932 [Thread-3] INFO (ConstantServiceImpl.java:68) ­ ANDRI SAIFUL GIRSANG LOGIN
2017-09-06 13:25:48,511 [Thread-3] INFO (ConstantServiceImpl.java:74) ­ ANDRI SAIFUL GIRSANG LOGOUT
2017-09-06 13:26:02,643 [Thread-3] INFO (ConstantServiceImpl.java:62) ­ GIRSANG-DESKTOP ONLINE
2017-09-06 13:26:05,926 [Thread-3] INFO (ConstantServiceImpl.java:68) ­ ANDRI SAIFUL GIRSANG LOGIN
2017-09-06 13:26:39,878 [Thread-3] INFO (ConstantServiceImpl.java:74) ­ ANDRI SAIFUL GIRSANG LOGOUT
2017-09-06 13:30:27,451 [Thread-3] INFO (ConstantServiceImpl.java:62) ­ GIRSANG-DESKTOP ONLINE
2017-09-06 13:30:32,125 [Thread-3] INFO (ConstantServiceImpl.java:68) ­ ANDRI SAIFUL GIRSANG LOGIN
2017-09-06 13:31:23,772 [Thread-3] INFO (ConstantServiceImpl.java:74) ­ ANDRI SAIFUL GIRSANG LOGOUT
2017-09-06 13:54:52,003 [Thread-3] INFO (ConstantServiceImpl.java:62) ­ GIRSANG-DESKTOP ONLINE
2017-09-06 13:54:55,783 [Thread-3] INFO (ConstantServiceImpl.java:68) ­ ANDRI SAIFUL GIRSANG LOGIN
2017-09-06 13:55:20,907 [Thread-3] INFO (ConstantServiceImpl.java:74) ­ ANDRI SAIFUL GIRSANG LOGOUT
2017-09-06 13:57:07,980 [Thread-3] INFO (ConstantServiceImpl.java:62) ­ GIRSANG-DESKTOP ONLINE
2017-09-06 13:57:11,705 [Thread-3] INFO (ConstantServiceImpl.java:68) ­ ANDRI SAIFUL GIRSANG LOGIN
2017-09-06 13:57:20,666 [Thread-3] WARN (RemoteInvocationTraceInterceptor.java:88) ­ Processing of SimpleHttpInvokerServiceExporter remote call resulted in fatal exception: com.aan.girsang.api.service.MasterService.cariBarcode
org.hibernate.NonUniqueResultException: query did not return a unique result: 2
	at org.hibernate.internal.AbstractQueryImpl.uniqueElement(AbstractQueryImpl.java:975)
	at org.hibernate.internal.AbstractQueryImpl.uniqueResult(AbstractQueryImpl.java:966)
	at com.aan.girsang.server.dao.master.BarangDao.cariBarcode2(BarangDao.java:68)
	at com.aan.girsang.server.service.impl.MasterServiceImpl.cariBarcode(MasterServiceImpl.java:166)
	at sun.reflect.NativeMethodAccessorImpl.invoke0(Native Method)
	at sun.reflect.NativeMethodAccessorImpl.invoke(NativeMethodAccessorImpl.java:62)
	at sun.reflect.DelegatingMethodAccessorImpl.invoke(DelegatingMethodAccessorImpl.java:43)
	at java.lang.reflect.Method.invoke(Method.java:498)
	at org.springframework.aop.support.AopUtils.invokeJoinpointUsingReflection(AopUtils.java:317)
	at org.springframework.aop.framework.ReflectiveMethodInvocation.invokeJoinpoint(ReflectiveMethodInvocation.java:190)
	at org.springframework.aop.framework.ReflectiveMethodInvocation.proceed(ReflectiveMethodInvocation.java:157)
	at org.springframework.transaction.interceptor.TransactionInterceptor$1.proceedWithInvocation(TransactionInterceptor.java:98)
	at org.springframework.transaction.interceptor.TransactionAspectSupport.invokeWithinTransaction(TransactionAspectSupport.java:262)
	at org.springframework.transaction.interceptor.TransactionInterceptor.invoke(TransactionInterceptor.java:95)
	at org.springframework.aop.framework.ReflectiveMethodInvocation.proceed(ReflectiveMethodInvocation.java:179)
	at org.springframework.aop.framework.JdkDynamicAopProxy.invoke(JdkDynamicAopProxy.java:207)
	at com.sun.proxy.$Proxy26.cariBarcode(Unknown Source)
	at sun.reflect.NativeMethodAccessorImpl.invoke0(Native Method)
	at sun.reflect.NativeMethodAccessorImpl.invoke(NativeMethodAccessorImpl.java:62)
	at sun.reflect.DelegatingMethodAccessorImpl.invoke(DelegatingMethodAccessorImpl.java:43)
	at java.lang.reflect.Method.invoke(Method.java:498)
	at org.springframework.aop.support.AopUtils.invokeJoinpointUsingReflection(AopUtils.java:317)
	at org.springframework.aop.framework.ReflectiveMethodInvocation.invokeJoinpoint(ReflectiveMethodInvocation.java:190)
	at org.springframework.aop.framework.ReflectiveMethodInvocation.proceed(ReflectiveMethodInvocation.java:157)
	at org.springframework.remoting.support.RemoteInvocationTraceInterceptor.invoke(RemoteInvocationTraceInterceptor.java:78)
	at org.springframework.aop.framework.ReflectiveMethodInvocation.proceed(ReflectiveMethodInvocation.java:179)
	at org.springframework.aop.framework.JdkDynamicAopProxy.invoke(JdkDynamicAopProxy.java:207)
	at com.sun.proxy.$Proxy32.cariBarcode(Unknown Source)
	at sun.reflect.NativeMethodAccessorImpl.invoke0(Native Method)
	at sun.reflect.NativeMethodAccessorImpl.invoke(NativeMethodAccessorImpl.java:62)
	at sun.reflect.DelegatingMethodAccessorImpl.invoke(DelegatingMethodAccessorImpl.java:43)
	at java.lang.reflect.Method.invoke(Method.java:498)
	at org.springframework.remoting.support.RemoteInvocation.invoke(RemoteInvocation.java:212)
	at org.springframework.remoting.support.DefaultRemoteInvocationExecutor.invoke(DefaultRemoteInvocationExecutor.java:39)
	at org.springframework.remoting.support.RemoteInvocationBasedExporter.invoke(RemoteInvocationBasedExporter.java:78)
	at org.springframework.remoting.support.RemoteInvocationBasedExporter.invokeAndCreateResult(RemoteInvocationBasedExporter.java:114)
	at org.springframework.remoting.httpinvoker.SimpleHttpInvokerServiceExporter.handle(SimpleHttpInvokerServiceExporter.java:68)
	at com.sun.net.httpserver.Filter$Chain.doFilter(Filter.java:79)
	at sun.net.httpserver.AuthFilter.doFilter(AuthFilter.java:83)
	at com.sun.net.httpserver.Filter$Chain.doFilter(Filter.java:82)
	at sun.net.httpserver.ServerImpl$Exchange$LinkHandler.handle(ServerImpl.java:675)
	at com.sun.net.httpserver.Filter$Chain.doFilter(Filter.java:79)
	at sun.net.httpserver.ServerImpl$Exchange.run(ServerImpl.java:647)
	at sun.net.httpserver.ServerImpl$DefaultExecutor.execute(ServerImpl.java:158)
	at sun.net.httpserver.ServerImpl$Dispatcher.handle(ServerImpl.java:431)
	at sun.net.httpserver.ServerImpl$Dispatcher.run(ServerImpl.java:396)
	at java.lang.Thread.run(Thread.java:745)
2017-09-06 13:57:41,523 [Thread-3] INFO (ConstantServiceImpl.java:74) ­ ANDRI SAIFUL GIRSANG LOGOUT
2017-09-06 13:58:15,365 [Thread-3] INFO (ConstantServiceImpl.java:62) ­ GIRSANG-DESKTOP ONLINE
2017-09-06 13:58:19,082 [Thread-3] INFO (ConstantServiceImpl.java:68) ­ ANDRI SAIFUL GIRSANG LOGIN
2017-09-06 13:58:56,818 [Thread-3] INFO (ConstantServiceImpl.java:74) ­ ANDRI SAIFUL GIRSANG LOGOUT
2017-09-06 14:06:10,197 [Thread-3] INFO (ConstantServiceImpl.java:62) ­ GIRSANG-DESKTOP ONLINE
2017-09-06 14:06:14,059 [Thread-3] INFO (ConstantServiceImpl.java:68) ­ ANDRI SAIFUL GIRSANG LOGIN
2017-09-06 14:06:48,184 [Thread-3] INFO (ConstantServiceImpl.java:74) ­ ANDRI SAIFUL GIRSANG LOGOUT
2017-09-06 14:07:30,581 [Thread-3] INFO (ConstantServiceImpl.java:62) ­ GIRSANG-DESKTOP ONLINE
2017-09-06 14:07:34,248 [Thread-3] INFO (ConstantServiceImpl.java:68) ­ ANDRI SAIFUL GIRSANG LOGIN
2017-09-06 14:08:55,665 [Thread-3] INFO (ConstantServiceImpl.java:74) ­ ANDRI SAIFUL GIRSANG LOGOUT
2017-09-06 14:11:19,156 [Thread-3] INFO (ConstantServiceImpl.java:62) ­ GIRSANG-DESKTOP ONLINE
2017-09-06 14:11:22,565 [Thread-3] INFO (ConstantServiceImpl.java:68) ­ ANDRI SAIFUL GIRSANG LOGIN
2017-09-06 14:12:11,585 [Thread-3] INFO (ConstantServiceImpl.java:74) ­ ANDRI SAIFUL GIRSANG LOGOUT
2017-09-06 14:14:48,221 [Thread-3] INFO (ConstantServiceImpl.java:62) ­ GIRSANG-DESKTOP ONLINE
2017-09-06 14:14:52,162 [Thread-3] INFO (ConstantServiceImpl.java:68) ­ ANDRI SAIFUL GIRSANG LOGIN
2017-09-06 14:15:10,808 [Thread-3] INFO (ConstantServiceImpl.java:74) ­ ANDRI SAIFUL GIRSANG LOGOUT
2017-09-06 14:15:35,859 [Thread-3] INFO (ConstantServiceImpl.java:62) ­ GIRSANG-DESKTOP ONLINE
2017-09-06 14:15:39,715 [Thread-3] INFO (ConstantServiceImpl.java:68) ­ ANDRI SAIFUL GIRSANG LOGIN
2017-09-06 14:15:56,022 [Thread-3] INFO (ConstantServiceImpl.java:74) ­ ANDRI SAIFUL GIRSANG LOGOUT
2017-09-06 14:55:39,741 [Thread-3] INFO (ConstantServiceImpl.java:62) ­ GIRSANG-DESKTOP ONLINE
2017-09-06 14:55:43,444 [Thread-3] INFO (ConstantServiceImpl.java:68) ­ ANDRI SAIFUL GIRSANG LOGIN
2017-09-06 14:56:30,019 [Thread-3] INFO (ConstantServiceImpl.java:74) ­ ANDRI SAIFUL GIRSANG LOGOUT
2017-09-06 14:57:05,655 [Thread-3] INFO (ConstantServiceImpl.java:62) ­ GIRSANG-DESKTOP ONLINE
2017-09-06 14:57:09,023 [Thread-3] INFO (ConstantServiceImpl.java:68) ­ ANDRI SAIFUL GIRSANG LOGIN
2017-09-06 14:57:23,698 [Thread-3] INFO (ConstantServiceImpl.java:74) ­ ANDRI SAIFUL GIRSANG LOGOUT
2017-09-06 14:58:08,085 [Thread-3] INFO (ConstantServiceImpl.java:62) ­ GIRSANG-DESKTOP ONLINE
2017-09-06 14:58:11,591 [Thread-3] INFO (ConstantServiceImpl.java:68) ­ ANDRI SAIFUL GIRSANG LOGIN
2017-09-06 14:59:48,833 [Thread-3] INFO (ConstantServiceImpl.java:74) ­ ANDRI SAIFUL GIRSANG LOGOUT
2017-09-06 15:04:51,124 [Thread-3] INFO (ConstantServiceImpl.java:62) ­ GIRSANG-DESKTOP ONLINE
2017-09-06 15:04:54,473 [Thread-3] INFO (ConstantServiceImpl.java:68) ­ ANDRI SAIFUL GIRSANG LOGIN
2017-09-06 15:05:43,045 [Thread-3] INFO (ConstantServiceImpl.java:74) ­ ANDRI SAIFUL GIRSANG LOGOUT
2017-09-06 15:06:11,999 [Thread-3] INFO (ConstantServiceImpl.java:62) ­ GIRSANG-DESKTOP ONLINE
2017-09-06 15:06:15,648 [Thread-3] INFO (ConstantServiceImpl.java:68) ­ ANDRI SAIFUL GIRSANG LOGIN
2017-09-06 15:06:40,119 [Thread-3] INFO (ConstantServiceImpl.java:74) ­ ANDRI SAIFUL GIRSANG LOGOUT
2017-09-06 15:07:07,932 [Thread-3] INFO (ConstantServiceImpl.java:62) ­ GIRSANG-DESKTOP ONLINE
2017-09-06 15:07:11,743 [Thread-3] INFO (ConstantServiceImpl.java:68) ­ ANDRI SAIFUL GIRSANG LOGIN
2017-09-06 15:07:52,370 [Thread-3] INFO (ConstantServiceImpl.java:74) ­ ANDRI SAIFUL GIRSANG LOGOUT
2017-09-06 15:08:44,014 [Thread-3] INFO (ConstantServiceImpl.java:62) ­ GIRSANG-DESKTOP ONLINE
2017-09-06 15:08:47,645 [Thread-3] INFO (ConstantServiceImpl.java:68) ­ ANDRI SAIFUL GIRSANG LOGIN
2017-09-06 15:09:22,402 [Thread-3] INFO (ConstantServiceImpl.java:74) ­ ANDRI SAIFUL GIRSANG LOGOUT
2017-09-06 15:09:40,927 [Thread-3] INFO (ConstantServiceImpl.java:62) ­ GIRSANG-DESKTOP ONLINE
2017-09-06 15:09:44,476 [Thread-3] INFO (ConstantServiceImpl.java:68) ­ ANDRI SAIFUL GIRSANG LOGIN
2017-09-06 15:10:09,752 [Thread-3] INFO (ConstantServiceImpl.java:74) ­ ANDRI SAIFUL GIRSANG LOGOUT
2017-09-06 15:11:53,133 [Thread-3] INFO (ConstantServiceImpl.java:62) ­ GIRSANG-DESKTOP ONLINE
2017-09-06 15:11:56,567 [Thread-3] INFO (ConstantServiceImpl.java:68) ­ ANDRI SAIFUL GIRSANG LOGIN
2017-09-06 15:12:30,713 [Thread-3] INFO (ConstantServiceImpl.java:74) ­ ANDRI SAIFUL GIRSANG LOGOUT
